PLINK v1.90b3k 64-bit (9 Apr 2015) 
4 arguments: --allow-no-sex --file data/assoc_01 --model
Hostname: darwin.local
Working directory: /Users/manuel/Documents/PROJECTS/bio_cordoba2016
Start time: Sun Dec  4 18:27:29 2016

Random number seed: 1480872449
16384 MB RAM detected; reserving 8192 MB for main workspace.
Scanning .ped file... done.
Performing single-pass .bed write (1 variant, 250 people).
--file: plink-temporary.bed + plink-temporary.bim + plink-temporary.fam
written.
1 variant loaded from .bim file.
250 people (0 males, 0 females, 250 ambiguous) loaded from .fam.
Ambiguous sex IDs written to plink.nosex .
250 phenotype values loaded from .fam.
Using 1 thread (no multithreaded calculations invoked).
Before main variant filters, 250 founders and 0 nonfounders present.
Calculating allele frequencies... done.
1 variant and 250 people pass filters and QC.
Among remaining phenotypes, 30 are cases and 220 are controls.
Writing --model report to plink.model ... done.

End time: Sun Dec  4 18:27:29 2016
